<?xml version="1.0" encoding="UTF-8"?>
<!-- Generated by org.testng.reporters.JUnitXMLReporter -->
<testsuite hostname="loadrunner-PC" name="Test1" tests="6" failures="0" timestamp="23 Jan 2017 05:39:40 GMT" time="35.76" errors="0">
  <testcase name="a" time="0.001" classname="testng.NewTest"/>
  <testcase name="abn" time="0.0" classname="testng.NewTest"/>
  <testcase name="af" time="0.0" classname="testng.NewTest"/>
  <testcase name="ag" time="0.0" classname="testng.NewTest"/>
  <testcase name="f" time="0.0" classname="testng.NewTest"/>
  <testcase name="f" time="35.734" classname="testng.WebTable1"/>
</testsuite> <!-- Test1 -->
