<?xml version="1.0" encoding="UTF-8"?>
<testng-results skipped="0" failed="0" total="1" passed="1">
  <reporter-output>
  </reporter-output>
  <suite name="Default suite" duration-ms="21694" started-at="2017-02-07T05:58:17Z" finished-at="2017-02-07T05:58:39Z">
    <groups>
    </groups>
    <test name="Default test" duration-ms="21694" started-at="2017-02-07T05:58:17Z" finished-at="2017-02-07T05:58:39Z">
      <class name="pom_DataDriven.POMControl_Test">
        <test-method status="PASS" signature="pomTest()[pri:0, instance:pom_DataDriven.POMControl_Test@19119a16]" name="pomTest" duration-ms="21678" started-at="2017-02-07T11:28:17Z" finished-at="2017-02-07T11:28:39Z">
          <reporter-output>
          </reporter-output>
        </test-method> <!-- pomTest -->
      </class> <!-- pom_DataDriven.POMControl_Test -->
    </test> <!-- Default test -->
  </suite> <!-- Default suite -->
</testng-results>
